<?xml version="1.0" encoding="UTF-8"?>
<testng-results ignored="0" total="2" passed="2" failed="0" skipped="0">
  <reporter-output>
  </reporter-output>
  <suite started-at="2024-07-04T06:59:50 IST" name="Default suite" finished-at="2024-07-04T07:03:44 IST" duration-ms="233433">
    <groups>
    </groups>
    <test started-at="2024-07-04T06:59:50 IST" name="Default test" finished-at="2024-07-04T07:03:44 IST" duration-ms="233433">
      <class name="flipkart_Test.flipkart_Test">
        <test-method is-config="true" signature="beforeSuiteStart()[pri:0, instance:flipkart_Test.flipkart_Test@185a6e9]" started-at="2024-07-04T06:59:50 IST" name="beforeSuiteStart" finished-at="2024-07-04T06:59:50 IST" duration-ms="446" status="PASS">
          <reporter-output>
          </reporter-output>
        </test-method> <!-- beforeSuiteStart -->
        <test-method is-config="true" signature="beforeEachTest(java.lang.reflect.Method)[pri:0, instance:flipkart_Test.flipkart_Test@185a6e9]" started-at="2024-07-04T06:59:50 IST" name="beforeEachTest" finished-at="2024-07-04T07:00:59 IST" duration-ms="68123" status="PASS">
          <params>
            <param index="0">
              <value>
                <![CDATA[public void flipkart_Test.flipkart_Test.flipkartPageProcess() throws java.io.IOException]]>
              </value>
            </param>
          </params>
          <reporter-output>
          </reporter-output>
        </test-method> <!-- beforeEachTest -->
        <test-method signature="flipkartPageProcess()[pri:0, instance:flipkart_Test.flipkart_Test@185a6e9]" started-at="2024-07-04T07:00:59 IST" name="flipkartPageProcess" description="Flipkart Home page Access" finished-at="2024-07-04T07:02:13 IST" duration-ms="74669" status="PASS">
          <reporter-output>
          </reporter-output>
        </test-method> <!-- flipkartPageProcess -->
        <test-method is-config="true" signature="afterEachTest()[pri:0, instance:flipkart_Test.flipkart_Test@185a6e9]" started-at="2024-07-04T07:02:13 IST" name="afterEachTest" finished-at="2024-07-04T07:02:22 IST" duration-ms="8286" status="PASS">
          <reporter-output>
          </reporter-output>
        </test-method> <!-- afterEachTest -->
        <test-method is-config="true" signature="beforeEachTest(java.lang.reflect.Method)[pri:0, instance:flipkart_Test.flipkart_Test@185a6e9]" started-at="2024-07-04T07:02:22 IST" name="beforeEachTest" finished-at="2024-07-04T07:02:56 IST" duration-ms="34861" status="PASS">
          <params>
            <param index="0">
              <value>
                <![CDATA[public void flipkart_Test.flipkart_Test.homePageProcess() throws java.io.IOException]]>
              </value>
            </param>
          </params>
          <reporter-output>
          </reporter-output>
        </test-method> <!-- beforeEachTest -->
        <test-method signature="homePageProcess()[pri:0, instance:flipkart_Test.flipkart_Test@185a6e9]" started-at="2024-07-04T07:02:56 IST" name="homePageProcess" description="Flipkart Home page Access" finished-at="2024-07-04T07:03:43 IST" duration-ms="46928" status="PASS">
          <reporter-output>
          </reporter-output>
        </test-method> <!-- homePageProcess -->
        <test-method is-config="true" signature="afterEachTest()[pri:0, instance:flipkart_Test.flipkart_Test@185a6e9]" started-at="2024-07-04T07:03:43 IST" name="afterEachTest" finished-at="2024-07-04T07:03:44 IST" duration-ms="430" status="PASS">
          <reporter-output>
          </reporter-output>
        </test-method> <!-- afterEachTest -->
      </class> <!-- flipkart_Test.flipkart_Test -->
    </test> <!-- Default test -->
  </suite> <!-- Default suite -->
</testng-results>
